ğŸš€ Starting Automated Node Click Test

================================================================================

ğŸ”‘ Logging in as admin...
ğŸ”µ [INFO] %cDownload the React DevTools for a better development experience: https://react.dev/link/react-devtools font-weight:bold
ğŸ”µ [LOG] [Login Page] Initializing CSRF token...
ğŸ”´ [ERROR] Failed to load resource: the server responded with a status of 401 (Unauthorized)
ğŸ”µ [LOG] âœ… CSRF token initialized
ğŸ”µ [LOG] [Login Page] âœ… CSRF token initialized
ğŸ”´ [ERROR] Failed to load resource: the server responded with a status of 401 (Unauthorized)
ğŸ”´ [ERROR] Failed to load resource: the server responded with a status of 401 (Unauthorized)
ğŸ”µ [VERBOSE] [DOM] Input elements should have autocomplete attributes (suggested: "username"): (More info: https://goo.gl/9p2vKq) %o
   Username: admin
   Password: ***************
ğŸ”µ [LOG] [fetchJSON] Sending request: {url: /api/auth/login, method: POST, body: Object, bodyStringified: {"username":"admin","password":"Atochastertl25!","rememberMe":false}, bodyType: object}
ğŸ”µ [LOG] [fetchWithCSRF] Adding CSRF token to headers: 9b6e885917...
ğŸ”´ [ERROR] Failed to load resource: the server responded with a status of 401 (Unauthorized)
âš ï¸ [WARNING] [fetchJSON] Validation error 401 from /api/auth/login
ğŸ”´ [ERROR] Login error: Error: Invalid username or password
    at fetchJSON (http://localhost:3000/_next/static/chunks/src_98214ee7._.js:163:15)
    at async onSubmit (http://localhost:3000/_next/static/chunks/src_f2c069ca._.js:1339:28)
    at async http://localhost:3000/_next/static/chunks/node_modules_019158f1._.js:2027:21
âŒ Login failed - still on login page


âŒ TEST ERROR: Error: Login failed - cannot proceed with test
    at runTest (/home/user/Projects/veritable-games-main/frontend/scripts/playwright/test-node-click-automated.ts:157:13)
ğŸ“„ Error logs saved to: workspace-test-logs-error.json
